<?xml version="1.0" encoding="UTF-8"?>
<!-- Generated by org.testng.reporters.JUnitReportReporter -->
<testsuite hostname="N400" failures="0" tests="2" name="restrictions.RestrictionsCheck" time="45.823" errors="0" timestamp="2021-11-22T16:25:49 AEDT" skipped="0">
  <testcase classname="restrictions.RestrictionsCheck" name="clickOnSearch" time="0.602"/>
  <system-out/>
  <testcase classname="restrictions.RestrictionsCheck" name="restrictionsPageNavigation" time="45.221"/>
  <system-out/>
</testsuite> <!-- restrictions.RestrictionsCheck -->
