<?xml version="1.0" encoding="UTF-8"?>
<!-- Generated by org.testng.reporters.JUnitReportReporter -->
<testsuite hostname="N400" failures="0" tests="1" name="restrictions.RestrictionsCheck" time="51.009" errors="0" timestamp="2021-11-22T14:07:40 AEDT" skipped="0">
  <testcase classname="restrictions.RestrictionsCheck" name="restrictionsPageNavigation" time="51.009"/>
  <system-out/>
</testsuite> <!-- restrictions.RestrictionsCheck -->
