<?xml version="1.0" encoding="UTF-8"?>
<!-- Generated by org.testng.reporters.JUnitReportReporter -->
<testsuite hostname="N400" failures="0" tests="1" name="restrictions.Sample" time="0.001" errors="0" timestamp="2021-11-22T14:05:40 AEDT" skipped="0">
  <testcase classname="restrictions.Sample" name="hello" time="0.001"/>
  <system-out/>
</testsuite> <!-- restrictions.Sample -->
